android/build/outputs/mapping/release/mapping.txt
# compiler: R8
# compiler_version: 1.5.69
# min_api: 14
# pg_map_id: 69df446
dungeons.without.dragons.ActorMapa -> dungeons.without.dragons.a:
    com.badlogic.gdx.maps.tiled.TiledMap tiledMap -> u
    com.badlogic.gdx.graphics.OrthographicCamera camara -> w
    com.badlogic.gdx.maps.tiled.renderers.OrthogonalTiledMapRenderer tmr -> v
    com.badlogic.gdx.physics.box2d.Box2DDebugRenderer b2dr -> x
    com.badlogic.gdx.physics.box2d.World world -> t
    void act(float) -> a
    void draw(com.badlogic.gdx.graphics.g2d.Batch,float) -> a
dungeons.without.dragons.ActorPersonaje -> dungeons.without.dragons.b:
    float altoPersonaje -> z
    float anchoPersonaje -> y
    com.badlogic.gdx.graphics.g2d.TextureRegion animacion -> v
    float posY -> x
    com.badlogic.gdx.graphics.g2d.Animation idle -> u
    float posX -> w
    com.badlogic.gdx.graphics.g2d.TextureRegion regionSpritesheet -> t
    com.badlogic.gdx.physics.box2d.Fixture fixture -> C
    com.badlogic.gdx.physics.box2d.World world -> A
    com.badlogic.gdx.physics.box2d.Body body -> B
    void detach() -> G
    com.badlogic.gdx.graphics.g2d.Animation crearAnimacion(int,float,int,int) -> a
    void crearAnimacionesHombre(float,int,int) -> a
    void draw(com.badlogic.gdx.graphics.g2d.Batch,float) -> a
    com.badlogic.gdx.graphics.g2d.Animation crearAnimacionReversa(int,float,int,int) -> b
    void crearAnimacionesMujer(float,int,int) -> b
dungeons.without.dragons.DungeonsWithoutDragons -> dungeons.without.dragons.c:
    dungeons.without.dragons.PantallaCreditosMusica pantallaCreditosMusica -> o
    dungeons.without.dragons.PantallaPersonaje pantallaPersonaje -> i
    dungeons.without.dragons.PantallaCreditos pantallaCreditos -> m
    boolean bloqueoNivel3 -> u
    com.badlogic.gdx.audio.Music musicaMenu -> d
    com.badlogic.gdx.scenes.scene2d.ui.Skin skin2 -> g
    boolean musica -> q
    com.badlogic.gdx.Preferences configuracion -> b
    com.badlogic.gdx.graphics.g2d.TextureRegion[] imagenesPersonajes -> j
    int anchoJuego -> A
    dungeons.without.dragons.PantallaNiveles pantallaNiveles -> v
    dungeons.without.dragons.PantallaNivelPrueba pantallaNivelPrueba -> y
    int backOpciones -> s
    dungeons.without.dragons.PantallaNivel3 pantallaNivel3 -> x
    dungeons.without.dragons.PantallaMenu pantallaMenu -> h
    dungeons.without.dragons.PantallaCreditosGraficos pantallaCreditosGraficos -> n
    int contadorImagenesPersonaje -> k
    boolean esHombre -> l
    com.badlogic.gdx.graphics.g2d.SpriteBatch batch -> c
    com.badlogic.gdx.audio.Music musicaPartida -> e
    com.badlogic.gdx.scenes.scene2d.ui.Skin skin -> f
    dungeons.without.dragons.PantallaMenuOpciones pantallaMenuOpciones -> p
    boolean sonidos -> r
    boolean bloqueoNivel2 -> t
    int altoJuego -> z
    dungeons.without.dragons.PantallaNivel2 pantallaNivel2 -> w
    void dispose() -> a
    void create() -> d
dungeons.without.dragons.PantallaCreditos -> dungeons.without.dragons.d:
    com.badlogic.gdx.scenes.scene2d.ui.ImageButton btnOpciones -> o
    com.badlogic.gdx.scenes.scene2d.ui.ImageButton btnBack -> n
    com.badlogic.gdx.scenes.scene2d.ui.TextButton btnGraficos -> q
    com.badlogic.gdx.scenes.scene2d.ui.Label lblCreditos -> p
    com.badlogic.gdx.scenes.scene2d.ui.TextButton btnMusica -> r
    com.badlogic.gdx.scenes.scene2d.Stage escenario -> m
    void render(float) -> a
    void show() -> d
    void dispose() -> e
dungeons.without.dragons.PantallaCreditos$1 -> dungeons.without.dragons.d$a:
    dungeons.without.dragons.PantallaCreditos this$0 -> a
    void changed(com.badlogic.gdx.scenes.scene2d.utils.ChangeListener$ChangeEvent,com.badlogic.gdx.scenes.scene2d.Actor) -> a
dungeons.without.dragons.PantallaCreditos$2 -> dungeons.without.dragons.d$b:
    dungeons.without.dragons.PantallaCreditos this$0 -> a
    void changed(com.badlogic.gdx.scenes.scene2d.utils.ChangeListener$ChangeEvent,com.badlogic.gdx.scenes.scene2d.Actor) -> a
...
com.badlogic.gdx.scenes.scene2d.ui.Cell -> a.a.a.w.a.j.c:
    com.badlogic.gdx.scenes.scene2d.ui.Value minWidth -> a
    com.badlogic.gdx.scenes.scene2d.ui.Value prefWidth -> c
    float computedPadBottom -> H
    float computedPadTop -> F
    int cellAboveIndex -> E
    int column -> C
    java.lang.Float fillY -> p
    java.lang.Integer colspan -> t
    java.lang.Boolean uniformY -> v
    float actorY -> y
    java.lang.Float onef -> K
    com.badlogic.gdx.scenes.scene2d.ui.Value padBottom -> m
    com.badlogic.gdx.scenes.scene2d.ui.Value spaceBottom -> i
    java.lang.Integer onei -> M
    com.badlogic.gdx.scenes.scene2d.ui.Value padTop -> k
    com.badlogic.gdx.scenes.scene2d.ui.Value maxWidth -> e
    com.badlogic.gdx.scenes.scene2d.ui.Value spaceTop -> g
    java.lang.Integer expandX -> r
    com.badlogic.gdx.scenes.scene2d.ui.Value minHeight -> b
    float computedPadRight -> I
    float computedPadLeft -> G
    com.badlogic.gdx.scenes.scene2d.ui.Cell defaults -> P
    com.badlogic.gdx.Files files -> O
    int row -> D
    float actorHeight -> A
    java.lang.Float fillX -> o
    java.lang.Integer expandY -> s
    java.lang.Boolean uniformX -> u
    float actorWidth -> z
    float actorX -> x
    com.badlogic.gdx.scenes.scene2d.ui.Value padLeft -> l
    com.badlogic.gdx.scenes.scene2d.Actor actor -> w
    java.lang.Float zerof -> J
    com.badlogic.gdx.scenes.scene2d.ui.Value padRight -> n
    java.lang.Integer zeroi -> L
com.badlogic.gdx.scenes.scene2d.ui.CheckBox$CheckBoxStyle -> a.a.a.w.a.j.d:
com.badlogic.gdx.scenes.scene2d.ui.Image -> a.a.a.w.a.j.e:
    com.badlogic.gdx.utils.Scaling scaling -> w
    float imageY -> z
    float imageX -> y
    int align -> x
    float imageHeight -> B
    float imageWidth -> A
    com.badlogic.gdx.scenes.scene2d.utils.Drawable drawable -> C
    void layout() -> H
    com.badlogic.gdx.scenes.scene2d.utils.Drawable getDrawable() -> I
    void draw(com.badlogic.gdx.graphics.g2d.Batch,float) -> a
    float getMinHeight() -> a
    void setDrawable(com.badlogic.gdx.scenes.scene2d.utils.Drawable) -> a
    void setScaling(com.badlogic.gdx.utils.Scaling) -> a
    float getMinWidth() -> b
    float getPrefHeight() -> g
    float getPrefWidth() -> h
com.badlogic.gdx.scenes.scene2d.ui.ImageButton -> a.a.a.w.a.j.f:
    com.badlogic.gdx.scenes.scene2d.ui.Image image -> w0
    com.badlogic.gdx.scenes.scene2d.ui.ImageButton$ImageButtonStyle style -> x0
    com.badlogic.gdx.scenes.scene2d.utils.Drawable getImageDrawable() -> X
    void updateImage() -> Y
    void draw(com.badlogic.gdx.graphics.g2d.Batch,float) -> a
    void setStyle(com.badlogic.gdx.scenes.scene2d.ui.Button$ButtonStyle) -> a
com.badlogic.gdx.scenes.scene2d.ui.ImageButton$ImageButtonStyle -> a.a.a.w.a.j.f$a:
    com.badlogic.gdx.scenes.scene2d.utils.Drawable imageUp -> p
    com.badlogic.gdx.scenes.scene2d.utils.Drawable imageDown -> q
    com.badlogic.gdx.scenes.scene2d.utils.Drawable imageOver -> r
    com.badlogic.gdx.scenes.scene2d.utils.Drawable imageDisabled -> s
    com.badlogic.gdx.scenes.scene2d.utils.Drawable imageChecked -> t
    com.badlogic.gdx.scenes.scene2d.utils.Drawable imageCheckedDown -> u
    com.badlogic.gdx.scenes.scene2d.utils.Drawable imageCheckedOver -> v
com.badlogic.gdx.scenes.scene2d.ui.ImageTextButton$ImageTextButtonStyle -> a.a.a.w.a.j.g: